<?xml version="1.0" encoding="UTF-8"?>
<!-- Generated by org.testng.reporters.JUnitReportReporter -->
<testsuite skipped="0" hostname="lslcwksg6161309" name="com.ebay.qa.testCases.DailyDealsPageTest" tests="4" failures="0" timestamp="23 Aug 2019 04:22:39 GMT" time="99.471" errors="0">
  <testcase name="dailyDealsPageTitleTest" time="32.709" classname="com.ebay.qa.testCases.DailyDealsPageTest"/>
  <testcase name="clickOnFeaturedLinkTest" time="23.065" classname="com.ebay.qa.testCases.DailyDealsPageTest"/>
  <testcase name="varifyOtherDealsPresentTest" time="24.841" classname="com.ebay.qa.testCases.DailyDealsPageTest"/>
  <testcase name="clickOnTechPageLinkTest" time="18.856" classname="com.ebay.qa.testCases.DailyDealsPageTest"/>
</testsuite> <!-- com.ebay.qa.testCases.DailyDealsPageTest -->
