<?xml version="1.0" encoding="UTF-8"?>
<!-- Generated by org.testng.reporters.JUnitReportReporter -->
<testsuite skipped="0" hostname="lslcwksg6161309" name="com.ebay.qa.testCases.HelpContactsPageTest" tests="2" failures="0" timestamp="25 Aug 2019 01:39:00 GMT" time="44.117" errors="0">
  <testcase name="verifyHelpLabelTest" time="20.056" classname="com.ebay.qa.testCases.HelpContactsPageTest"/>
  <testcase name="searchHelpTest" time="24.061" classname="com.ebay.qa.testCases.HelpContactsPageTest"/>
</testsuite> <!-- com.ebay.qa.testCases.HelpContactsPageTest -->
