<?xml version="1.0" encoding="UTF-8"?>
<!-- Generated by org.testng.reporters.JUnitReportReporter -->
<testsuite skipped="0" hostname="lslcwksg6161309" name="com.ebay.qa.testCases.GiftCardsPageTest" tests="2" failures="0" timestamp="25 Aug 2019 01:39:00 GMT" time="46.425" errors="0">
  <testcase name="giftCardsPageTitleTest" time="24.740" classname="com.ebay.qa.testCases.GiftCardsPageTest"/>
  <testcase name="clickOnCouponsLinkTextTest" time="21.685" classname="com.ebay.qa.testCases.GiftCardsPageTest"/>
</testsuite> <!-- com.ebay.qa.testCases.GiftCardsPageTest -->
