<?xml version="1.0" encoding="UTF-8"?>
<!-- Generated by org.testng.reporters.JUnitReportReporter -->
<testsuite skipped="0" hostname="lslcwksg6161309" name="com.ebay.qa.testCases.GiftCardsPageTest" tests="2" failures="0" timestamp="23 Aug 2019 01:31:38 GMT" time="54.364" errors="0">
  <testcase name="clickOnCouponsLinkTextTest" time="29.239" classname="com.ebay.qa.testCases.GiftCardsPageTest"/>
  <testcase name="giftCardsPageTitleTest" time="25.125" classname="com.ebay.qa.testCases.GiftCardsPageTest"/>
</testsuite> <!-- com.ebay.qa.testCases.GiftCardsPageTest -->
