<?xml version="1.0" encoding="UTF-8"?>
<!-- Generated by org.testng.reporters.JUnitReportReporter -->
<testsuite skipped="0" hostname="lslcwksg6161309" name="com.ebay.qa.testCases.HelpContactsPageTest" tests="2" failures="0" timestamp="23 Aug 2019 06:08:49 GMT" time="42.507" errors="0">
  <testcase name="verifyHelpLabelTest" time="21.286" classname="com.ebay.qa.testCases.HelpContactsPageTest"/>
  <testcase name="searchHelpTest" time="21.221" classname="com.ebay.qa.testCases.HelpContactsPageTest"/>
</testsuite> <!-- com.ebay.qa.testCases.HelpContactsPageTest -->
