<?xml version="1.0" encoding="UTF-8"?>
<!-- Generated by org.testng.reporters.JUnitReportReporter -->
<testsuite skipped="0" hostname="lslcwksg6161309" name="com.ebay.qa.testCases.DailyDealsPageTest" tests="2" failures="0" timestamp="23 Aug 2019 00:56:50 GMT" time="47.239" errors="0">
  <testcase name="dailyDealsPageTitleTest" time="23.933" classname="com.ebay.qa.testCases.DailyDealsPageTest"/>
  <testcase name="varifyOtherDealsPresentTest" time="23.306" classname="com.ebay.qa.testCases.DailyDealsPageTest"/>
</testsuite> <!-- com.ebay.qa.testCases.DailyDealsPageTest -->
