<?xml version="1.0" encoding="UTF-8"?>
<!-- Generated by org.testng.reporters.JUnitReportReporter -->
<testsuite skipped="0" hostname="lslcwksg6161309" name="com.ebay.qa.testCases.HomePageTest" tests="5" failures="0" timestamp="21 Aug 2019 22:59:03 GMT" time="101.174" errors="0">
  <testcase name="clickOnGiftCardsLinkTest" time="20.885" classname="com.ebay.qa.testCases.HomePageTest"/>
  <testcase name="varifyHomePageTitleTest" time="17.194" classname="com.ebay.qa.testCases.HomePageTest"/>
  <testcase name="clickOnHelpContactsLinkTest" time="21.160" classname="com.ebay.qa.testCases.HomePageTest"/>
  <testcase name="clickOnEbayLinkTest" time="20.986" classname="com.ebay.qa.testCases.HomePageTest"/>
  <testcase name="clickOnDailyDealsLinkTest" time="20.949" classname="com.ebay.qa.testCases.HomePageTest"/>
</testsuite> <!-- com.ebay.qa.testCases.HomePageTest -->
