<?xml version="1.0" encoding="UTF-8"?>
<!-- Generated by org.testng.reporters.JUnitReportReporter -->
<testsuite skipped="5" hostname="lslcwksg6161309" name="com.ebay.qa.testCases.HomePageTest" tests="6" failures="0" timestamp="05 Sep 2019 02:22:46 GMT" time="31.276" errors="0">
  <testcase name="getDropDownListTest" time="31.276" classname="com.ebay.qa.testCases.HomePageTest"/>
  <testcase name="varifyHomePageTitleTest" classname="com.ebay.qa.testCases.HomePageTest">
    <skipped/>
  </testcase> <!-- varifyHomePageTitleTest -->
  <testcase name="clickOnGiftCardsLinkTest" classname="com.ebay.qa.testCases.HomePageTest">
    <skipped/>
  </testcase> <!-- clickOnGiftCardsLinkTest -->
  <testcase name="clickOnHelpContactsLinkTest" classname="com.ebay.qa.testCases.HomePageTest">
    <skipped/>
  </testcase> <!-- clickOnHelpContactsLinkTest -->
  <testcase name="clickOnEbayLinkTest" classname="com.ebay.qa.testCases.HomePageTest">
    <skipped/>
  </testcase> <!-- clickOnEbayLinkTest -->
  <testcase name="clickOnDailyDealsLinkTest" classname="com.ebay.qa.testCases.HomePageTest">
    <skipped/>
  </testcase> <!-- clickOnDailyDealsLinkTest -->
</testsuite> <!-- com.ebay.qa.testCases.HomePageTest -->
