<?xml version="1.0" encoding="UTF-8"?>
<!-- Generated by org.testng.reporters.JUnitReportReporter -->
<testsuite skipped="0" hostname="lslcwksg6161309" name="com.ebay.qa.testCases.LoginPageTest" tests="4" failures="0" timestamp="21 Aug 2019 17:48:33 GMT" time="45.219" errors="0">
  <testcase name="logoImageTest" time="8.355" classname="com.ebay.qa.testCases.LoginPageTest"/>
  <testcase name="test" time="11.118" classname="com.ebay.qa.testCases.LoginPageTest"/>
  <testcase name="loginEbayTest" time="17.529" classname="com.ebay.qa.testCases.LoginPageTest"/>
  <testcase name="loginPageTitleTest" time="8.217" classname="com.ebay.qa.testCases.LoginPageTest"/>
</testsuite> <!-- com.ebay.qa.testCases.LoginPageTest -->
